Determining if the pthread_create exist failed with the following output:
Change Dir: /media/data/Projects/Others/flash/autosalient/SalMetric/build/CMakeFiles/CMakeTmp

Run Build Command:"/usr/bin/make" "cmTC_41db0/fast"
/usr/bin/make -f CMakeFiles/cmTC_41db0.dir/build.make CMakeFiles/cmTC_41db0.dir/build
make[1]: Entering directory '/media/data/Projects/Others/flash/autosalient/SalMetric/build/CMakeFiles/CMakeTmp'
Building C object CMakeFiles/cmTC_41db0.dir/CheckSymbolExists.c.o
/usr/bin/cc   -fPIC    -o CMakeFiles/cmTC_41db0.dir/CheckSymbolExists.c.o   -c /media/data/Projects/Others/flash/autosalient/SalMetric/build/CMakeFiles/CMakeTmp/CheckSymbolExists.c
Linking C executable cmTC_41db0
/usr/bin/cmake -E cmake_link_script CMakeFiles/cmTC_41db0.dir/link.txt --verbose=1
/usr/bin/cc -fPIC     -rdynamic CMakeFiles/cmTC_41db0.dir/CheckSymbolExists.c.o  -o cmTC_41db0 
CMakeFiles/cmTC_41db0.dir/CheckSymbolExists.c.o: In function `main':
CheckSymbolExists.c:(.text+0x1b): undefined reference to `pthread_create'
collect2: error: ld returned 1 exit status
CMakeFiles/cmTC_41db0.dir/build.make:97: recipe for target 'cmTC_41db0' failed
make[1]: *** [cmTC_41db0] Error 1
make[1]: Leaving directory '/media/data/Projects/Others/flash/autosalient/SalMetric/build/CMakeFiles/CMakeTmp'
Makefile:126: recipe for target 'cmTC_41db0/fast' failed
make: *** [cmTC_41db0/fast] Error 2

File /media/data/Projects/Others/flash/autosalient/SalMetric/build/CMakeFiles/CMakeTmp/CheckSymbolExists.c:
/* */
#include <pthread.h>

int main(int argc, char** argv)
{
  (void)argv;
#ifndef pthread_create
  return ((int*)(&pthread_create))[argc];
#else
  (void)argc;
  return 0;
#endif
}

Determining if the function pthread_create exists in the pthreads failed with the following output:
Change Dir: /media/data/Projects/Others/flash/autosalient/SalMetric/build/CMakeFiles/CMakeTmp

Run Build Command:"/usr/bin/make" "cmTC_5df90/fast"
/usr/bin/make -f CMakeFiles/cmTC_5df90.dir/build.make CMakeFiles/cmTC_5df90.dir/build
make[1]: Entering directory '/media/data/Projects/Others/flash/autosalient/SalMetric/build/CMakeFiles/CMakeTmp'
Building C object CMakeFiles/cmTC_5df90.dir/CheckFunctionExists.c.o
/usr/bin/cc   -fPIC -DCHECK_FUNCTION_EXISTS=pthread_create   -o CMakeFiles/cmTC_5df90.dir/CheckFunctionExists.c.o   -c /usr/share/cmake-3.10/Modules/CheckFunctionExists.c
Linking C executable cmTC_5df90
/usr/bin/cmake -E cmake_link_script CMakeFiles/cmTC_5df90.dir/link.txt --verbose=1
/usr/bin/cc -fPIC -DCHECK_FUNCTION_EXISTS=pthread_create    -rdynamic CMakeFiles/cmTC_5df90.dir/CheckFunctionExists.c.o  -o cmTC_5df90 -lpthreads 
/usr/bin/ld: cannot find -lpthreads
collect2: error: ld returned 1 exit status
CMakeFiles/cmTC_5df90.dir/build.make:97: recipe for target 'cmTC_5df90' failed
make[1]: *** [cmTC_5df90] Error 1
make[1]: Leaving directory '/media/data/Projects/Others/flash/autosalient/SalMetric/build/CMakeFiles/CMakeTmp'
Makefile:126: recipe for target 'cmTC_5df90/fast' failed
make: *** [cmTC_5df90/fast] Error 2


